<?xml version="1.0" encoding="UTF-8"?>
<!-- Generated by org.testng.reporters.JUnitReportReporter -->
<testsuite hostname="inlen8520020971" failures="0" tests="1" name="runner.NewTest" time="20.200" errors="0" timestamp="2024-05-13T14:50:07 IST" skipped="0">
  <testcase classname="runner.NewTest" name="runScenario" time="20.200"/>
</testsuite> <!-- runner.NewTest -->
