<?xml version="1.0" encoding="UTF-8"?>
<!-- Generated by org.testng.reporters.JUnitReportReporter -->
<testsuite hostname="inlen8520020971" failures="0" tests="1" name="runner.NewTest" time="21.114" errors="0" timestamp="2024-05-13T14:49:25 IST" skipped="0">
  <testcase classname="runner.NewTest" name="runScenario" time="21.114"/>
</testsuite> <!-- runner.NewTest -->
